<?xml version="1.0" encoding="UTF-8"?>
<!-- Generated by org.testng.reporters.JUnitReportReporter -->
<testsuite skipped="0" hostname="pixint-HP-Laptop-15q-bu0xx" name="testcasespages.WorklistPageTest" tests="2" failures="0" timestamp="2020-04-03T17:07:36 IST" time="61.613" errors="0">
  <testcase name="verifyEmConcer" time="31.265" classname="testcasespages.WorklistPageTest"/>
  <testcase name="verifyGHDD" time="30.348" classname="testcasespages.WorklistPageTest"/>
</testsuite> <!-- testcasespages.WorklistPageTest -->
