<?xml version="1.0" encoding="UTF-8"?>
<!-- Generated by org.testng.reporters.JUnitReportReporter -->
<testsuite skipped="0" hostname="pixint-HP-Laptop-15q-bu0xx" name="testcasespages.HomepageTest" tests="5" failures="0" timestamp="2020-04-03T17:07:36 IST" time="187.816" errors="0">
  <testcase name="searchpageTest" time="42.753" classname="testcasespages.HomepageTest"/>
  <testcase name="searchpageTest" time="32.140" classname="testcasespages.HomepageTest"/>
  <testcase name="searchpageTest" time="39.429" classname="testcasespages.HomepageTest"/>
  <testcase name="usernameTest" time="38.628" classname="testcasespages.HomepageTest"/>
  <testcase name="homePagetitlevali" time="34.866" classname="testcasespages.HomepageTest"/>
</testsuite> <!-- testcasespages.HomepageTest -->
