<?xml version="1.0" encoding="UTF-8"?>
<!-- Generated by org.testng.reporters.JUnitReportReporter -->
<testsuite skipped="0" hostname="pixint-HP-Laptop-15q-bu0xx" name="testcasespages.LoginTest" tests="2" failures="0" timestamp="2020-04-03T23:28:14 IST" time="48.680" errors="0">
  <testcase name="loginpg" time="37.831" classname="testcasespages.LoginTest"/>
  <testcase name="loginpgtitletest" time="10.849" classname="testcasespages.LoginTest"/>
</testsuite> <!-- testcasespages.LoginTest -->
